c:\users\jacey nae\desktop\gamerockman\gamerockman\gametraining\gametraining\debug\vc140.pdb
c:\users\jacey nae\desktop\gamerockman\gamerockman\gametraining\gametraining\debug\vc140.idb
c:\users\jacey nae\desktop\gamerockman\gamerockman\gametraining\gametraining\debug\mgmtexture.obj
c:\users\jacey nae\desktop\gamerockman\gamerockman\gametraining\gametraining\debug\movableobject.obj
c:\users\jacey nae\desktop\gamerockman\gamerockman\gametraining\gametraining\debug\objectsfilter.obj
c:\users\jacey nae\desktop\gamerockman\gamerockman\gametraining\gametraining\debug\octopusbattery.obj
c:\users\jacey nae\desktop\gamerockman\gamerockman\gametraining\gametraining\debug\outerspace.obj
c:\users\jacey nae\desktop\gamerockman\gamerockman\gametraining\gametraining\debug\picket.obj
c:\users\jacey nae\desktop\gamerockman\gamerockman\gametraining\gametraining\debug\quadnode.obj
c:\users\jacey nae\desktop\gamerockman\gamerockman\gametraining\gametraining\debug\quadtree.obj
c:\users\jacey nae\desktop\gamerockman\gamerockman\gametraining\gametraining\debug\rockman.obj
c:\users\jacey nae\desktop\gamerockman\gamerockman\gametraining\gametraining\debug\blader.obj
c:\users\jacey nae\desktop\gamerockman\gamerockman\gametraining\gametraining\debug\rockmanbullet.obj
c:\users\jacey nae\desktop\gamerockman\gamerockman\gametraining\gametraining\debug\screwbomber.obj
c:\users\jacey nae\desktop\gamerockman\gamerockman\gametraining\gametraining\debug\sprite.obj
c:\users\jacey nae\desktop\gamerockman\gamerockman\gametraining\gametraining\debug\spritemanager.obj
c:\users\jacey nae\desktop\gamerockman\gamerockman\gametraining\gametraining\debug\stage.obj
c:\users\jacey nae\desktop\gamerockman\gamerockman\gametraining\gametraining\debug\stairs.obj
c:\users\jacey nae\desktop\gamerockman\gamerockman\gametraining\gametraining\debug\supercutter.obj
c:\users\jacey nae\desktop\gamerockman\gamerockman\gametraining\gametraining\debug\supercutterbullet.obj
c:\users\jacey nae\desktop\gamerockman\gamerockman\gametraining\gametraining\debug\tilemap.obj
c:\users\jacey nae\desktop\gamerockman\gamerockman\gametraining\gametraining\debug\winmain.obj
c:\users\jacey nae\desktop\gamerockman\gamerockman\gametraining\gametraining\debug\constant.obj
c:\users\jacey nae\desktop\gamerockman\gamerockman\gametraining\gametraining\debug\cutman.obj
c:\users\jacey nae\desktop\gamerockman\gamerockman\gametraining\gametraining\debug\delaytime.obj
c:\users\jacey nae\desktop\gamerockman\gamerockman\gametraining\gametraining\debug\door.obj
c:\users\jacey nae\desktop\gamerockman\gamerockman\gametraining\gametraining\debug\enemy.obj
c:\users\jacey nae\desktop\gamerockman\gamerockman\gametraining\gametraining\debug\fbox.obj
c:\users\jacey nae\desktop\gamerockman\gamerockman\gametraining\gametraining\debug\flea.obj
c:\users\jacey nae\desktop\gamerockman\gamerockman\gametraining\gametraining\debug\flyingshell.obj
c:\users\jacey nae\desktop\gamerockman\gamerockman\gametraining\gametraining\debug\frectangle.obj
c:\users\jacey nae\desktop\gamerockman\gamerockman\gametraining\gametraining\debug\key.obj
c:\users\jacey nae\desktop\gamerockman\gamerockman\gametraining\gametraining\debug\keyboard.obj
c:\users\jacey nae\desktop\gamerockman\gamerockman\gametraining\gametraining\debug\map.obj
c:\users\jacey nae\desktop\gamerockman\gamerockman\gametraining\gametraining\debug\mgmcamera.obj
c:\users\jacey nae\desktop\gamerockman\gamerockman\gametraining\gametraining\debug\mgmdirectxtool.obj
c:\users\jacey nae\desktop\gamerockman\gamerockman\gametraining\gametraining\debug\mgmform.obj
c:\users\jacey nae\desktop\gamerockman\gamerockman\gametraining\gametraining\debug\mgmgame.obj
c:\users\jacey nae\desktop\gamerockman\gamerockman\gametraining\gametraining\debug\mgmgametime.obj
c:\users\jacey nae\desktop\gamerockman\gamerockman\gametraining\gametraining\debug\mgmgametimeloop.obj
c:\users\jacey nae\desktop\gamerockman\gamerockman\gametraining\gametraining\debug\mgmpoint.obj
c:\users\jacey nae\desktop\gamerockman\gamerockman\gametraining\gametraining\debug\mgmsurface.obj
c:\users\jacey nae\desktop\gamerockman\gamerockman\gametraining\gametraining\debug\animation.obj
c:\users\jacey nae\desktop\gamerockman\gamerockman\gametraining\gametraining\debug\baseobject.obj
c:\users\jacey nae\desktop\gamerockman\gamerockman\gametraining\gametraining\debug\beak.obj
c:\users\jacey nae\desktop\gamerockman\gamerockman\gametraining\gametraining\debug\beakbullet.obj
c:\users\jacey nae\desktop\gamerockman\gamerockman\gametraining\gametraining\debug\bigeye.obj
c:\users\jacey nae\desktop\gamerockman\gamerockman\gametraining\gametraining\debug\collision.obj
d:\14520287 - uit\semester vi\introduction to game development\game training\gametraining\gametraining\gametraining\debug\vc140.pdb
d:\14520287 - uit\semester vi\introduction to game development\game training\gametraining\gametraining\gametraining\debug\vc140.idb
d:\14520287 - uit\semester vi\introduction to game development\game training\gametraining\gametraining\gametraining\debug\movableobject.obj
d:\14520287 - uit\semester vi\introduction to game development\game training\gametraining\gametraining\gametraining\debug\objectsfilter.obj
d:\14520287 - uit\semester vi\introduction to game development\game training\gametraining\gametraining\gametraining\debug\octopusbattery.obj
d:\14520287 - uit\semester vi\introduction to game development\game training\gametraining\gametraining\gametraining\debug\outerspace.obj
d:\14520287 - uit\semester vi\introduction to game development\game training\gametraining\gametraining\gametraining\debug\picket.obj
d:\14520287 - uit\semester vi\introduction to game development\game training\gametraining\gametraining\gametraining\debug\quadnode.obj
d:\14520287 - uit\semester vi\introduction to game development\game training\gametraining\gametraining\gametraining\debug\quadtree.obj
d:\14520287 - uit\semester vi\introduction to game development\game training\gametraining\gametraining\gametraining\debug\rockman.obj
d:\14520287 - uit\semester vi\introduction to game development\game training\gametraining\gametraining\gametraining\debug\blader.obj
d:\14520287 - uit\semester vi\introduction to game development\game training\gametraining\gametraining\gametraining\debug\rockmanbullet.obj
d:\14520287 - uit\semester vi\introduction to game development\game training\gametraining\gametraining\gametraining\debug\scene.obj
d:\14520287 - uit\semester vi\introduction to game development\game training\gametraining\gametraining\gametraining\debug\screwbomber.obj
d:\14520287 - uit\semester vi\introduction to game development\game training\gametraining\gametraining\gametraining\debug\sprite.obj
d:\14520287 - uit\semester vi\introduction to game development\game training\gametraining\gametraining\gametraining\debug\spritemanager.obj
d:\14520287 - uit\semester vi\introduction to game development\game training\gametraining\gametraining\gametraining\debug\stage.obj
d:\14520287 - uit\semester vi\introduction to game development\game training\gametraining\gametraining\gametraining\debug\stairs.obj
d:\14520287 - uit\semester vi\introduction to game development\game training\gametraining\gametraining\gametraining\debug\supercutter.obj
d:\14520287 - uit\semester vi\introduction to game development\game training\gametraining\gametraining\gametraining\debug\supercutterbullet.obj
d:\14520287 - uit\semester vi\introduction to game development\game training\gametraining\gametraining\gametraining\debug\tilemap.obj
d:\14520287 - uit\semester vi\introduction to game development\game training\gametraining\gametraining\gametraining\debug\winmain.obj
d:\14520287 - uit\semester vi\introduction to game development\game training\gametraining\gametraining\gametraining\debug\cutman.obj
d:\14520287 - uit\semester vi\introduction to game development\game training\gametraining\gametraining\gametraining\debug\delaytime.obj
d:\14520287 - uit\semester vi\introduction to game development\game training\gametraining\gametraining\gametraining\debug\door.obj
d:\14520287 - uit\semester vi\introduction to game development\game training\gametraining\gametraining\gametraining\debug\enemy.obj
d:\14520287 - uit\semester vi\introduction to game development\game training\gametraining\gametraining\gametraining\debug\fbox.obj
d:\14520287 - uit\semester vi\introduction to game development\game training\gametraining\gametraining\gametraining\debug\flea.obj
d:\14520287 - uit\semester vi\introduction to game development\game training\gametraining\gametraining\gametraining\debug\flyingshell.obj
d:\14520287 - uit\semester vi\introduction to game development\game training\gametraining\gametraining\gametraining\debug\frectangle.obj
d:\14520287 - uit\semester vi\introduction to game development\game training\gametraining\gametraining\gametraining\debug\key.obj
d:\14520287 - uit\semester vi\introduction to game development\game training\gametraining\gametraining\gametraining\debug\keyboard.obj
d:\14520287 - uit\semester vi\introduction to game development\game training\gametraining\gametraining\gametraining\debug\map.obj
d:\14520287 - uit\semester vi\introduction to game development\game training\gametraining\gametraining\gametraining\debug\mgmcamera.obj
d:\14520287 - uit\semester vi\introduction to game development\game training\gametraining\gametraining\gametraining\debug\mgmdirectxtool.obj
d:\14520287 - uit\semester vi\introduction to game development\game training\gametraining\gametraining\gametraining\debug\mgmform.obj
d:\14520287 - uit\semester vi\introduction to game development\game training\gametraining\gametraining\gametraining\debug\mgmgame.obj
d:\14520287 - uit\semester vi\introduction to game development\game training\gametraining\gametraining\gametraining\debug\mgmgametime.obj
d:\14520287 - uit\semester vi\introduction to game development\game training\gametraining\gametraining\gametraining\debug\mgmgametimeloop.obj
d:\14520287 - uit\semester vi\introduction to game development\game training\gametraining\gametraining\gametraining\debug\mgmpoint.obj
d:\14520287 - uit\semester vi\introduction to game development\game training\gametraining\gametraining\gametraining\debug\mgmsurface.obj
d:\14520287 - uit\semester vi\introduction to game development\game training\gametraining\gametraining\gametraining\debug\mgmtexture.obj
d:\14520287 - uit\semester vi\introduction to game development\game training\gametraining\gametraining\gametraining\debug\animation.obj
d:\14520287 - uit\semester vi\introduction to game development\game training\gametraining\gametraining\gametraining\debug\baseobject.obj
d:\14520287 - uit\semester vi\introduction to game development\game training\gametraining\gametraining\gametraining\debug\beak.obj
d:\14520287 - uit\semester vi\introduction to game development\game training\gametraining\gametraining\gametraining\debug\beakbullet.obj
d:\14520287 - uit\semester vi\introduction to game development\game training\gametraining\gametraining\gametraining\debug\bigeye.obj
d:\14520287 - uit\semester vi\introduction to game development\game training\gametraining\gametraining\gametraining\debug\collision.obj
d:\14520287 - uit\semester vi\introduction to game development\game training\gametraining\gametraining\gametraining\debug\constant.obj
d:\14520287 - uit\semester vi\introduction to game development\game training\gametraining\gametraining\gametraining\debug\changescene.obj
d:\14520287 - uit\semester vi\introduction to game development\game training\gametraining\gametraining\gametraining\debug\cutmanscene.obj
d:\14520287 - uit\semester vi\introduction to game development\game training\gametraining\gametraining\gametraining\debug\selectmapscene.obj
d:\14520287 - uit\semester vi\introduction to game development\game training\gametraining\gametraining\gametraining\debug\mapscene.obj
d:\14520287 - uit\semester vi\introduction to game development\game training\gametraining\gametraining\gametraining\debug\cutmanmap.obj
d:\14520287 - uit\semester vi\introduction to game development\game training\gametraining\gametraining\gametraining\debug\gutsmanmap.obj
d:\14520287 - uit\semester vi\introduction to game development\game training\gametraining\gametraining\gametraining\debug\textsprite.obj
c:\users\jacey nae\desktop\gamerockman\gamerockman\gametraining\debug\megaman.ilk
c:\users\jacey nae\desktop\gamerockman\gamerockman\gametraining\debug\megaman.exe
c:\users\jacey nae\desktop\gamerockman\gamerockman\gametraining\debug\megaman.pdb
d:\14520287 - uit\semester vi\introduction to game development\game training\gametraining\gametraining\debug\megaman.ilk
d:\14520287 - uit\semester vi\introduction to game development\game training\gametraining\gametraining\debug\megaman.exe
d:\14520287 - uit\semester vi\introduction to game development\game training\gametraining\gametraining\debug\megaman.pdb
c:\users\jacey nae\desktop\gamerockman\gamerockman\gametraining\gametraining\debug\megaman.res
d:\14520287 - uit\semester vi\introduction to game development\game training\gametraining\gametraining\gametraining\debug\megaman.res
d:\14520287 - uit\semester vi\introduction to game development\game training\gametraining\gametraining\gametraining\debug\megaman.tlog\cl.command.1.tlog
d:\14520287 - uit\semester vi\introduction to game development\game training\gametraining\gametraining\gametraining\debug\megaman.tlog\cl.read.1.tlog
d:\14520287 - uit\semester vi\introduction to game development\game training\gametraining\gametraining\gametraining\debug\megaman.tlog\cl.write.1.tlog
d:\14520287 - uit\semester vi\introduction to game development\game training\gametraining\gametraining\gametraining\debug\megaman.tlog\link.command.1.tlog
d:\14520287 - uit\semester vi\introduction to game development\game training\gametraining\gametraining\gametraining\debug\megaman.tlog\link.read.1.tlog
d:\14520287 - uit\semester vi\introduction to game development\game training\gametraining\gametraining\gametraining\debug\megaman.tlog\link.write.1.tlog
d:\14520287 - uit\semester vi\introduction to game development\game training\gametraining\gametraining\gametraining\debug\megaman.tlog\rc.command.1.tlog
d:\14520287 - uit\semester vi\introduction to game development\game training\gametraining\gametraining\gametraining\debug\megaman.tlog\rc.read.1.tlog
d:\14520287 - uit\semester vi\introduction to game development\game training\gametraining\gametraining\gametraining\debug\megaman.tlog\rc.write.1.tlog
